\BOOKMARK [0][-]{chapter.1}{INTRODUCTION}{}% 12
\BOOKMARK [1][-]{section.1.1}{Description of the Problem}{chapter.1}% 13
\BOOKMARK [1][-]{section.1.2}{Project Goal\(s\)}{chapter.1}% 14
\BOOKMARK [1][-]{section.1.3}{Project Output\(s\)}{chapter.1}% 15
\BOOKMARK [1][-]{section.1.4}{Project Activities and Schedule}{chapter.1}% 16
\BOOKMARK [0][-]{chapter.2}{DESIGN}{}% 17
\BOOKMARK [1][-]{section.2.1}{High Level Design}{chapter.2}% 18
\BOOKMARK [1][-]{section.2.2}{Detailed Design}{chapter.2}% 19
\BOOKMARK [1][-]{section.2.3}{Realistic Restrictions and Conditions in the Design}{chapter.2}% 20
\BOOKMARK [0][-]{chapter.3}{IMPLEMENTATION, TESTS and TEST DISCUSSIONS}{}% 21
\BOOKMARK [1][-]{section.3.1}{Implementation of the Product}{chapter.3}% 22
\BOOKMARK [1][-]{section.3.2}{Tests and Results of Tests}{chapter.3}% 23
\BOOKMARK [0][-]{chapter.4}{CONCLUSIONS}{}% 24
\BOOKMARK [1][-]{section.4.1}{Summary}{chapter.4}% 25
\BOOKMARK [1][-]{section.4.2}{Cost Analysis}{chapter.4}% 26
\BOOKMARK [1][-]{section.4.3}{Benefits of the Project}{chapter.4}% 27
\BOOKMARK [1][-]{section.4.4}{Future Work}{chapter.4}% 28
\BOOKMARK [0][-]{section.4.4}{References}{}% 29
\BOOKMARK [0][-]{appendix*.9}{APPENDICES}{}% 30
\BOOKMARK [0][-]{appendix*.15}{APPENDIX A: REQUIREMENTS SPECIFICATION DOCUMENT}{}% 31
\BOOKMARK [0][-]{appendix*.16}{APPENDIX B: DESIGN SPECIFICATION DOCUMENT}{}% 32
